This file contains any messages produced by compilers while
running configure, to aid debugging if configure makes a mistake.

It was created by libnmea configure 0.5.31, which was
generated by GNU Autoconf 2.69.  Invocation command line was

  $ /home/nexteer/Documents/libnmea-code/configure 

## --------- ##
## Platform. ##
## --------- ##

hostname = nexteer
uname -m = x86_64
uname -r = 4.8.0-53-generic
uname -s = Linux
uname -v = #56~16.04.1-Ubuntu SMP Tue May 16 01:18:56 UTC 2017

/usr/bin/uname -p = unknown
/bin/uname -X     = unknown

/bin/arch              = unknown
/usr/bin/arch -k       = unknown
/usr/convex/getsysinfo = unknown
/usr/bin/hostinfo      = unknown
/bin/machine           = unknown
/usr/bin/oslevel       = unknown
/bin/universe          = unknown

PATH: /home/nexteer/bin
PATH: /home/nexteer/.local/bin
PATH: /usr/local/sbin
PATH: /usr/local/bin
PATH: /usr/sbin
PATH: /usr/bin
PATH: /sbin
PATH: /bin
PATH: /usr/games
PATH: /usr/local/games


## ----------- ##
## Core tests. ##
## ----------- ##

configure:2409: checking for a BSD-compatible install
configure:2477: result: /usr/bin/install -c
configure:2488: checking whether build environment is sane
configure:2543: result: yes
configure:2694: checking for a thread-safe mkdir -p
configure:2733: result: /bin/mkdir -p
configure:2740: checking for gawk
configure:2756: found /usr/bin/gawk
configure:2767: result: gawk
configure:2778: checking whether make sets $(MAKE)
configure:2800: result: yes
configure:2829: checking whether make supports nested variables
configure:2846: result: yes
configure:3021: checking for gcc
configure:3037: found /usr/bin/gcc
configure:3048: result: gcc
configure:3277: checking for C compiler version
configure:3286: gcc --version >&5
gcc (Ubuntu 5.4.0-6ubuntu1~16.04.6) 5.4.0 20160609
Copyright (C) 2015 Free Software Foundation, Inc.
This is free software; see the source for copying conditions.  There is NO
warranty; not even for MERCHANTABILITY or FITNESS FOR A PARTICULAR PURPOSE.

configure:3297: $? = 0
configure:3286: gcc -v >&5
Using built-in specs.
COLLECT_GCC=gcc
COLLECT_LTO_WRAPPER=/usr/lib/gcc/x86_64-linux-gnu/5/lto-wrapper
Target: x86_64-linux-gnu
Configured with: ../src/configure -v --with-pkgversion='Ubuntu 5.4.0-6ubuntu1~16.04.6' --with-bugurl=file:///usr/share/doc/gcc-5/README.Bugs --enable-languages=c,ada,c++,java,go,d,fortran,objc,obj-c++ --prefix=/usr --program-suffix=-5 --enable-shared --enable-linker-build-id --libexecdir=/usr/lib --without-included-gettext --enable-threads=posix --libdir=/usr/lib --enable-nls --with-sysroot=/ --enable-clocale=gnu --enable-libstdcxx-debug --enable-libstdcxx-time=yes --with-default-libstdcxx-abi=new --enable-gnu-unique-object --disable-vtable-verify --enable-libmpx --enable-plugin --with-system-zlib --disable-browser-plugin --enable-java-awt=gtk --enable-gtk-cairo --with-java-home=/usr/lib/jvm/java-1.5.0-gcj-5-amd64/jre --enable-java-home --with-jvm-root-dir=/usr/lib/jvm/java-1.5.0-gcj-5-amd64 --with-jvm-jar-dir=/usr/lib/jvm-exports/java-1.5.0-gcj-5-amd64 --with-arch-directory=amd64 --with-ecj-jar=/usr/share/java/eclipse-ecj.jar --enable-objc-gc --enable-multiarch --disable-werror --with-arch-32=i686 --with-abi=m64 --with-multilib-list=m32,m64,mx32 --enable-multilib --with-tune=generic --enable-checking=release --build=x86_64-linux-gnu --host=x86_64-linux-gnu --target=x86_64-linux-gnu
Thread model: posix
gcc version 5.4.0 20160609 (Ubuntu 5.4.0-6ubuntu1~16.04.6) 
configure:3297: $? = 0
configure:3286: gcc -V >&5
gcc: error: unrecognized command line option '-V'
gcc: fatal error: no input files
compilation terminated.
configure:3297: $? = 1
configure:3286: gcc -qversion >&5
gcc: error: unrecognized command line option '-qversion'
gcc: fatal error: no input files
compilation terminated.
configure:3297: $? = 1
configure:3317: checking whether the C compiler works
configure:3339: gcc    conftest.c  >&5
configure:3343: $? = 0
configure:3391: result: yes
configure:3394: checking for C compiler default output file name
configure:3396: result: a.out
configure:3402: checking for suffix of executables
configure:3409: gcc -o conftest    conftest.c  >&5
configure:3413: $? = 0
configure:3435: result: 
configure:3457: checking whether we are cross compiling
configure:3465: gcc -o conftest    conftest.c  >&5
configure:3469: $? = 0
configure:3476: ./conftest
configure:3480: $? = 0
configure:3495: result: no
configure:3500: checking for suffix of object files
configure:3522: gcc -c   conftest.c >&5
configure:3526: $? = 0
configure:3547: result: o
configure:3551: checking whether we are using the GNU C compiler
configure:3570: gcc -c   conftest.c >&5
configure:3570: $? = 0
configure:3579: result: yes
configure:3588: checking whether gcc accepts -g
configure:3608: gcc -c -g  conftest.c >&5
configure:3608: $? = 0
configure:3649: result: yes
configure:3666: checking for gcc option to accept ISO C89
configure:3729: gcc  -c -g -O2  conftest.c >&5
configure:3729: $? = 0
configure:3742: result: none needed
configure:3767: checking whether gcc understands -c and -o together
configure:3789: gcc -c conftest.c -o conftest2.o
configure:3792: $? = 0
configure:3789: gcc -c conftest.c -o conftest2.o
configure:3792: $? = 0
configure:3804: result: yes
configure:3832: checking for style of include used by make
configure:3860: result: GNU
configure:3886: checking dependency style of gcc
configure:3997: result: gcc3
configure:4070: checking for g++
configure:4086: found /usr/bin/g++
configure:4097: result: g++
configure:4124: checking for C++ compiler version
configure:4133: g++ --version >&5
g++ (Ubuntu 5.4.0-6ubuntu1~16.04.6) 5.4.0 20160609
Copyright (C) 2015 Free Software Foundation, Inc.
This is free software; see the source for copying conditions.  There is NO
warranty; not even for MERCHANTABILITY or FITNESS FOR A PARTICULAR PURPOSE.

configure:4144: $? = 0
configure:4133: g++ -v >&5
Using built-in specs.
COLLECT_GCC=g++
COLLECT_LTO_WRAPPER=/usr/lib/gcc/x86_64-linux-gnu/5/lto-wrapper
Target: x86_64-linux-gnu
Configured with: ../src/configure -v --with-pkgversion='Ubuntu 5.4.0-6ubuntu1~16.04.6' --with-bugurl=file:///usr/share/doc/gcc-5/README.Bugs --enable-languages=c,ada,c++,java,go,d,fortran,objc,obj-c++ --prefix=/usr --program-suffix=-5 --enable-shared --enable-linker-build-id --libexecdir=/usr/lib --without-included-gettext --enable-threads=posix --libdir=/usr/lib --enable-nls --with-sysroot=/ --enable-clocale=gnu --enable-libstdcxx-debug --enable-libstdcxx-time=yes --with-default-libstdcxx-abi=new --enable-gnu-unique-object --disable-vtable-verify --enable-libmpx --enable-plugin --with-system-zlib --disable-browser-plugin --enable-java-awt=gtk --enable-gtk-cairo --with-java-home=/usr/lib/jvm/java-1.5.0-gcj-5-amd64/jre --enable-java-home --with-jvm-root-dir=/usr/lib/jvm/java-1.5.0-gcj-5-amd64 --with-jvm-jar-dir=/usr/lib/jvm-exports/java-1.5.0-gcj-5-amd64 --with-arch-directory=amd64 --with-ecj-jar=/usr/share/java/eclipse-ecj.jar --enable-objc-gc --enable-multiarch --disable-werror --with-arch-32=i686 --with-abi=m64 --with-multilib-list=m32,m64,mx32 --enable-multilib --with-tune=generic --enable-checking=release --build=x86_64-linux-gnu --host=x86_64-linux-gnu --target=x86_64-linux-gnu
Thread model: posix
gcc version 5.4.0 20160609 (Ubuntu 5.4.0-6ubuntu1~16.04.6) 
configure:4144: $? = 0
configure:4133: g++ -V >&5
g++: error: unrecognized command line option '-V'
g++: fatal error: no input files
compilation terminated.
configure:4144: $? = 1
configure:4133: g++ -qversion >&5
g++: error: unrecognized command line option '-qversion'
g++: fatal error: no input files
compilation terminated.
configure:4144: $? = 1
configure:4148: checking whether we are using the GNU C++ compiler
configure:4167: g++ -c   conftest.cpp >&5
configure:4167: $? = 0
configure:4176: result: yes
configure:4185: checking whether g++ accepts -g
configure:4205: g++ -c -g  conftest.cpp >&5
configure:4205: $? = 0
configure:4246: result: yes
configure:4271: checking dependency style of g++
configure:4382: result: gcc3
configure:4401: checking for gawk
configure:4428: result: gawk
configure:4487: checking for gcc
configure:4514: result: gcc
configure:4743: checking for C compiler version
configure:4752: gcc --version >&5
gcc (Ubuntu 5.4.0-6ubuntu1~16.04.6) 5.4.0 20160609
Copyright (C) 2015 Free Software Foundation, Inc.
This is free software; see the source for copying conditions.  There is NO
warranty; not even for MERCHANTABILITY or FITNESS FOR A PARTICULAR PURPOSE.

configure:4763: $? = 0
configure:4752: gcc -v >&5
Using built-in specs.
COLLECT_GCC=gcc
COLLECT_LTO_WRAPPER=/usr/lib/gcc/x86_64-linux-gnu/5/lto-wrapper
Target: x86_64-linux-gnu
Configured with: ../src/configure -v --with-pkgversion='Ubuntu 5.4.0-6ubuntu1~16.04.6' --with-bugurl=file:///usr/share/doc/gcc-5/README.Bugs --enable-languages=c,ada,c++,java,go,d,fortran,objc,obj-c++ --prefix=/usr --program-suffix=-5 --enable-shared --enable-linker-build-id --libexecdir=/usr/lib --without-included-gettext --enable-threads=posix --libdir=/usr/lib --enable-nls --with-sysroot=/ --enable-clocale=gnu --enable-libstdcxx-debug --enable-libstdcxx-time=yes --with-default-libstdcxx-abi=new --enable-gnu-unique-object --disable-vtable-verify --enable-libmpx --enable-plugin --with-system-zlib --disable-browser-plugin --enable-java-awt=gtk --enable-gtk-cairo --with-java-home=/usr/lib/jvm/java-1.5.0-gcj-5-amd64/jre --enable-java-home --with-jvm-root-dir=/usr/lib/jvm/java-1.5.0-gcj-5-amd64 --with-jvm-jar-dir=/usr/lib/jvm-exports/java-1.5.0-gcj-5-amd64 --with-arch-directory=amd64 --with-ecj-jar=/usr/share/java/eclipse-ecj.jar --enable-objc-gc --enable-multiarch --disable-werror --with-arch-32=i686 --with-abi=m64 --with-multilib-list=m32,m64,mx32 --enable-multilib --with-tune=generic --enable-checking=release --build=x86_64-linux-gnu --host=x86_64-linux-gnu --target=x86_64-linux-gnu
Thread model: posix
gcc version 5.4.0 20160609 (Ubuntu 5.4.0-6ubuntu1~16.04.6) 
configure:4763: $? = 0
configure:4752: gcc -V >&5
gcc: error: unrecognized command line option '-V'
gcc: fatal error: no input files
compilation terminated.
configure:4763: $? = 1
configure:4752: gcc -qversion >&5
gcc: error: unrecognized command line option '-qversion'
gcc: fatal error: no input files
compilation terminated.
configure:4763: $? = 1
configure:4767: checking whether we are using the GNU C compiler
configure:4795: result: yes
configure:4804: checking whether gcc accepts -g
configure:4865: result: yes
configure:4882: checking for gcc option to accept ISO C89
configure:4958: result: none needed
configure:4983: checking whether gcc understands -c and -o together
configure:5020: result: yes
configure:5039: checking dependency style of gcc
configure:5150: result: gcc3
configure:5170: checking how to run the C preprocessor
configure:5201: gcc -E  conftest.c
configure:5201: $? = 0
configure:5215: gcc -E  conftest.c
conftest.c:11:28: fatal error: ac_nonexistent.h: No such file or directory
compilation terminated.
configure:5215: $? = 1
configure: failed program was:
| /* confdefs.h */
| #define PACKAGE_NAME "libnmea"
| #define PACKAGE_TARNAME "libnmea"
| #define PACKAGE_VERSION "0.5.31"
| #define PACKAGE_STRING "libnmea 0.5.31"
| #define PACKAGE_BUGREPORT "BUG-REPORT-ADDRESS"
| #define PACKAGE_URL ""
| #define PACKAGE "libnmea"
| #define VERSION "0.5.31"
| /* end confdefs.h.  */
| #include <ac_nonexistent.h>
configure:5240: result: gcc -E
configure:5260: gcc -E  conftest.c
configure:5260: $? = 0
configure:5274: gcc -E  conftest.c
conftest.c:11:28: fatal error: ac_nonexistent.h: No such file or directory
compilation terminated.
configure:5274: $? = 1
configure: failed program was:
| /* confdefs.h */
| #define PACKAGE_NAME "libnmea"
| #define PACKAGE_TARNAME "libnmea"
| #define PACKAGE_VERSION "0.5.31"
| #define PACKAGE_STRING "libnmea 0.5.31"
| #define PACKAGE_BUGREPORT "BUG-REPORT-ADDRESS"
| #define PACKAGE_URL ""
| #define PACKAGE "libnmea"
| #define VERSION "0.5.31"
| /* end confdefs.h.  */
| #include <ac_nonexistent.h>
configure:5303: checking whether ln -s works
configure:5307: result: yes
configure:5314: checking whether make sets $(MAKE)
configure:5336: result: yes
configure:5377: checking build system type
configure:5391: result: x86_64-unknown-linux-gnu
configure:5411: checking host system type
configure:5424: result: x86_64-unknown-linux-gnu
configure:5465: checking how to print strings
configure:5492: result: printf
configure:5513: checking for a sed that does not truncate output
configure:5577: result: /bin/sed
configure:5595: checking for grep that handles long lines and -e
configure:5653: result: /bin/grep
configure:5658: checking for egrep
configure:5720: result: /bin/grep -E
configure:5725: checking for fgrep
configure:5787: result: /bin/grep -F
configure:5822: checking for ld used by gcc
configure:5889: result: /usr/bin/ld
configure:5896: checking if the linker (/usr/bin/ld) is GNU ld
configure:5911: result: yes
configure:5923: checking for BSD- or MS-compatible name lister (nm)
configure:5972: result: /usr/bin/nm -B
configure:6102: checking the name lister (/usr/bin/nm -B) interface
configure:6109: gcc -c -g -O2  conftest.c >&5
configure:6112: /usr/bin/nm -B "conftest.o"
configure:6115: output
0000000000000000 B some_variable
configure:6122: result: BSD nm
configure:6126: checking the maximum length of command line arguments
configure:6257: result: 1572864
configure:6274: checking whether the shell understands some XSI constructs
configure:6284: result: yes
configure:6288: checking whether the shell understands "+="
configure:6294: result: yes
configure:6329: checking how to convert x86_64-unknown-linux-gnu file names to x86_64-unknown-linux-gnu format
configure:6369: result: func_convert_file_noop
configure:6376: checking how to convert x86_64-unknown-linux-gnu file names to toolchain format
configure:6396: result: func_convert_file_noop
configure:6403: checking for /usr/bin/ld option to reload object files
configure:6410: result: -r
configure:6484: checking for objdump
configure:6500: found /usr/bin/objdump
configure:6511: result: objdump
configure:6543: checking how to recognize dependent libraries
configure:6741: result: pass_all
configure:6826: checking for dlltool
configure:6856: result: no
configure:6886: checking how to associate runtime and link libraries
configure:6913: result: printf %s\n
configure:6974: checking for ar
configure:6990: found /usr/bin/ar
configure:7001: result: ar
configure:7038: checking for archiver @FILE support
configure:7055: gcc -c -g -O2  conftest.c >&5
configure:7055: $? = 0
configure:7058: ar cru libconftest.a @conftest.lst >&5
ar: `u' modifier ignored since `D' is the default (see `U')
configure:7061: $? = 0
configure:7066: ar cru libconftest.a @conftest.lst >&5
ar: `u' modifier ignored since `D' is the default (see `U')
ar: conftest.o: No such file or directory
configure:7069: $? = 1
configure:7081: result: @
configure:7139: checking for strip
configure:7155: found /usr/bin/strip
configure:7166: result: strip
configure:7238: checking for ranlib
configure:7254: found /usr/bin/ranlib
configure:7265: result: ranlib
configure:7367: checking command to parse /usr/bin/nm -B output from gcc object
configure:7487: gcc -c -g -O2  conftest.c >&5
configure:7490: $? = 0
configure:7494: /usr/bin/nm -B conftest.o \| sed -n -e 's/^.*[ ]\([ABCDGIRSTW][ABCDGIRSTW]*\)[ ][ ]*\([_A-Za-z][_A-Za-z0-9]*\)$/\1 \2 \2/p' | sed '/ __gnu_lto/d' \> conftest.nm
configure:7497: $? = 0
configure:7563: gcc -o conftest -g -O2   conftest.c conftstm.o >&5
configure:7566: $? = 0
configure:7604: result: ok
configure:7641: checking for sysroot
configure:7671: result: no
configure:7748: gcc -c -g -O2  conftest.c >&5
configure:7751: $? = 0
configure:7940: checking for mt
configure:7956: found /bin/mt
configure:7967: result: mt
configure:7990: checking if mt is a manifest tool
configure:7996: mt '-?'
configure:8004: result: no
configure:8642: checking for ANSI C header files
configure:8662: gcc -c -g -O2  conftest.c >&5
configure:8662: $? = 0
configure:8735: gcc -o conftest -g -O2   conftest.c  >&5
configure:8735: $? = 0
configure:8735: ./conftest
configure:8735: $? = 0
configure:8746: result: yes
configure:8759: checking for sys/types.h
configure:8759: gcc -c -g -O2  conftest.c >&5
configure:8759: $? = 0
configure:8759: result: yes
configure:8759: checking for sys/stat.h
configure:8759: gcc -c -g -O2  conftest.c >&5
configure:8759: $? = 0
configure:8759: result: yes
configure:8759: checking for stdlib.h
configure:8759: gcc -c -g -O2  conftest.c >&5
configure:8759: $? = 0
configure:8759: result: yes
configure:8759: checking for string.h
configure:8759: gcc -c -g -O2  conftest.c >&5
configure:8759: $? = 0
configure:8759: result: yes
configure:8759: checking for memory.h
configure:8759: gcc -c -g -O2  conftest.c >&5
configure:8759: $? = 0
configure:8759: result: yes
configure:8759: checking for strings.h
configure:8759: gcc -c -g -O2  conftest.c >&5
configure:8759: $? = 0
configure:8759: result: yes
configure:8759: checking for inttypes.h
configure:8759: gcc -c -g -O2  conftest.c >&5
configure:8759: $? = 0
configure:8759: result: yes
configure:8759: checking for stdint.h
configure:8759: gcc -c -g -O2  conftest.c >&5
configure:8759: $? = 0
configure:8759: result: yes
configure:8759: checking for unistd.h
configure:8759: gcc -c -g -O2  conftest.c >&5
configure:8759: $? = 0
configure:8759: result: yes
configure:8773: checking for dlfcn.h
configure:8773: gcc -c -g -O2  conftest.c >&5
configure:8773: $? = 0
configure:8773: result: yes
configure:8990: checking for objdir
configure:9005: result: .libs
configure:9276: checking if gcc supports -fno-rtti -fno-exceptions
configure:9294: gcc -c -g -O2  -fno-rtti -fno-exceptions conftest.c >&5
cc1: warning: command line option '-fno-rtti' is valid for C++/ObjC++ but not for C
configure:9298: $? = 0
configure:9311: result: no
configure:9638: checking for gcc option to produce PIC
configure:9645: result: -fPIC -DPIC
configure:9653: checking if gcc PIC flag -fPIC -DPIC works
configure:9671: gcc -c -g -O2  -fPIC -DPIC -DPIC conftest.c >&5
configure:9675: $? = 0
configure:9688: result: yes
configure:9717: checking if gcc static flag -static works
configure:9745: result: yes
configure:9760: checking if gcc supports -c -o file.o
configure:9781: gcc -c -g -O2  -o out/conftest2.o conftest.c >&5
configure:9785: $? = 0
configure:9807: result: yes
configure:9815: checking if gcc supports -c -o file.o
configure:9862: result: yes
configure:9895: checking whether the gcc linker (/usr/bin/ld -m elf_x86_64) supports shared libraries
configure:11052: result: yes
configure:11089: checking whether -lc should be explicitly linked in
configure:11097: gcc -c -g -O2  conftest.c >&5
configure:11100: $? = 0
configure:11115: gcc -shared  -fPIC -DPIC conftest.o  -v -Wl,-soname -Wl,conftest -o conftest 2\>\&1 \| /bin/grep  -lc  \>/dev/null 2\>\&1
configure:11118: $? = 0
configure:11132: result: no
configure:11292: checking dynamic linker characteristics
configure:11792: gcc -o conftest -g -O2   -Wl,-rpath -Wl,/foo conftest.c  >&5
configure:11792: $? = 0
configure:12026: result: GNU/Linux ld.so
configure:12133: checking how to hardcode library paths into programs
configure:12158: result: immediate
configure:12698: checking whether stripping libraries is possible
configure:12703: result: yes
configure:12738: checking if libtool supports shared libraries
configure:12740: result: yes
configure:12743: checking whether to build shared libraries
configure:12764: result: yes
configure:12767: checking whether to build static libraries
configure:12771: result: yes
configure:12794: checking how to run the C++ preprocessor
configure:12821: g++ -E  conftest.cpp
configure:12821: $? = 0
configure:12835: g++ -E  conftest.cpp
conftest.cpp:23:28: fatal error: ac_nonexistent.h: No such file or directory
compilation terminated.
configure:12835: $? = 1
configure: failed program was:
| /* confdefs.h */
| #define PACKAGE_NAME "libnmea"
| #define PACKAGE_TARNAME "libnmea"
| #define PACKAGE_VERSION "0.5.31"
| #define PACKAGE_STRING "libnmea 0.5.31"
| #define PACKAGE_BUGREPORT "BUG-REPORT-ADDRESS"
| #define PACKAGE_URL ""
| #define PACKAGE "libnmea"
| #define VERSION "0.5.31"
| #define STDC_HEADERS 1
| #define HAVE_SYS_TYPES_H 1
| #define HAVE_SYS_STAT_H 1
| #define HAVE_STDLIB_H 1
| #define HAVE_STRING_H 1
| #define HAVE_MEMORY_H 1
| #define HAVE_STRINGS_H 1
| #define HAVE_INTTYPES_H 1
| #define HAVE_STDINT_H 1
| #define HAVE_UNISTD_H 1
| #define HAVE_DLFCN_H 1
| #define LT_OBJDIR ".libs/"
| /* end confdefs.h.  */
| #include <ac_nonexistent.h>
configure:12860: result: g++ -E
configure:12880: g++ -E  conftest.cpp
configure:12880: $? = 0
configure:12894: g++ -E  conftest.cpp
conftest.cpp:23:28: fatal error: ac_nonexistent.h: No such file or directory
compilation terminated.
configure:12894: $? = 1
configure: failed program was:
| /* confdefs.h */
| #define PACKAGE_NAME "libnmea"
| #define PACKAGE_TARNAME "libnmea"
| #define PACKAGE_VERSION "0.5.31"
| #define PACKAGE_STRING "libnmea 0.5.31"
| #define PACKAGE_BUGREPORT "BUG-REPORT-ADDRESS"
| #define PACKAGE_URL ""
| #define PACKAGE "libnmea"
| #define VERSION "0.5.31"
| #define STDC_HEADERS 1
| #define HAVE_SYS_TYPES_H 1
| #define HAVE_SYS_STAT_H 1
| #define HAVE_STDLIB_H 1
| #define HAVE_STRING_H 1
| #define HAVE_MEMORY_H 1
| #define HAVE_STRINGS_H 1
| #define HAVE_INTTYPES_H 1
| #define HAVE_STDINT_H 1
| #define HAVE_UNISTD_H 1
| #define HAVE_DLFCN_H 1
| #define LT_OBJDIR ".libs/"
| /* end confdefs.h.  */
| #include <ac_nonexistent.h>
configure:13063: checking for ld used by g++
configure:13130: result: /usr/bin/ld -m elf_x86_64
configure:13137: checking if the linker (/usr/bin/ld -m elf_x86_64) is GNU ld
configure:13152: result: yes
configure:13207: checking whether the g++ linker (/usr/bin/ld -m elf_x86_64) supports shared libraries
configure:14209: result: yes
configure:14245: g++ -c -g -O2  conftest.cpp >&5
configure:14248: $? = 0
configure:14768: checking for g++ option to produce PIC
configure:14775: result: -fPIC -DPIC
configure:14783: checking if g++ PIC flag -fPIC -DPIC works
configure:14801: g++ -c -g -O2  -fPIC -DPIC -DPIC conftest.cpp >&5
configure:14805: $? = 0
configure:14818: result: yes
configure:14841: checking if g++ static flag -static works
configure:14869: result: yes
configure:14881: checking if g++ supports -c -o file.o
configure:14902: g++ -c -g -O2  -o out/conftest2.o conftest.cpp >&5
configure:14906: $? = 0
configure:14928: result: yes
configure:14933: checking if g++ supports -c -o file.o
configure:14980: result: yes
configure:15010: checking whether the g++ linker (/usr/bin/ld -m elf_x86_64) supports shared libraries
configure:15049: result: yes
configure:15190: checking dynamic linker characteristics
configure:15858: result: GNU/Linux ld.so
configure:15911: checking how to hardcode library paths into programs
configure:15936: result: immediate
configure:16005: checking float.h usability
configure:16005: gcc -c -g -O2  conftest.c >&5
configure:16005: $? = 0
configure:16005: result: yes
configure:16005: checking float.h presence
configure:16005: gcc -E  conftest.c
configure:16005: $? = 0
configure:16005: result: yes
configure:16005: checking for float.h
configure:16005: result: yes
configure:16005: checking limits.h usability
configure:16005: gcc -c -g -O2  conftest.c >&5
configure:16005: $? = 0
configure:16005: result: yes
configure:16005: checking limits.h presence
configure:16005: gcc -E  conftest.c
configure:16005: $? = 0
configure:16005: result: yes
configure:16005: checking for limits.h
configure:16005: result: yes
configure:16005: checking for stdlib.h
configure:16005: result: yes
configure:16005: checking for string.h
configure:16005: result: yes
configure:16005: checking for unistd.h
configure:16005: result: yes
configure:16019: checking for error_at_line
configure:16035: gcc -o conftest -g -O2   conftest.c  >&5
configure:16035: $? = 0
configure:16043: result: yes
configure:16056: checking for stdlib.h
configure:16056: result: yes
configure:16066: checking for GNU libc compatible malloc
configure:16090: gcc -o conftest -g -O2   conftest.c  >&5
configure:16090: $? = 0
configure:16090: ./conftest
configure:16090: $? = 0
configure:16100: result: yes
configure:16121: checking whether time.h and sys/time.h may both be included
configure:16141: gcc -c -g -O2  conftest.c >&5
configure:16141: $? = 0
configure:16148: result: yes
configure:16162: checking for sys/time.h
configure:16162: gcc -c -g -O2  conftest.c >&5
configure:16162: $? = 0
configure:16162: result: yes
configure:16162: checking for unistd.h
configure:16162: result: yes
configure:16183: checking for alarm
configure:16183: gcc -o conftest -g -O2   conftest.c  >&5
configure:16183: $? = 0
configure:16183: result: yes
configure:16196: checking for working mktime
configure:16398: gcc -o conftest -g -O2   conftest.c  >&5
configure:16398: $? = 0
configure:16398: ./conftest
configure:16398: $? = 0
configure:16408: result: yes
configure:16419: checking for working strtod
configure:16460: gcc -o conftest -g -O2   conftest.c  >&5
configure:16460: $? = 0
configure:16460: ./conftest
configure:16460: $? = 0
configure:16470: result: yes
configure:16535: checking for memchr
configure:16535: gcc -o conftest -g -O2   conftest.c  >&5
conftest.c:57:6: warning: conflicting types for built-in function 'memchr'
 char memchr ();
      ^
configure:16535: $? = 0
configure:16535: result: yes
configure:16535: checking for memset
configure:16535: gcc -o conftest -g -O2   conftest.c  >&5
conftest.c:58:6: warning: conflicting types for built-in function 'memset'
 char memset ();
      ^
configure:16535: $? = 0
configure:16535: result: yes
configure:16535: checking for modf
configure:16535: gcc -o conftest -g -O2   conftest.c  >&5
conftest.c:59:6: warning: conflicting types for built-in function 'modf'
 char modf ();
      ^
configure:16535: $? = 0
configure:16535: result: yes
configure:16535: checking for strtol
configure:16535: gcc -o conftest -g -O2   conftest.c  >&5
configure:16535: $? = 0
configure:16535: result: yes
configure:16546: checking for cos in -lm
configure:16571: gcc -o conftest -g -O2   conftest.c -lm   >&5
conftest.c:45:6: warning: conflicting types for built-in function 'cos'
 char cos ();
      ^
configure:16571: $? = 0
configure:16580: result: yes
configure:16591: checking for pow in -lm
configure:16616: gcc -o conftest -g -O2   conftest.c -lm  -lm  >&5
conftest.c:46:6: warning: conflicting types for built-in function 'pow'
 char pow ();
      ^
configure:16616: $? = 0
configure:16625: result: yes
configure:16636: checking for sqrt in -lm
configure:16661: gcc -o conftest -g -O2   conftest.c -lm  -lm -lm  >&5
conftest.c:47:6: warning: conflicting types for built-in function 'sqrt'
 char sqrt ();
      ^
configure:16661: $? = 0
configure:16670: result: yes
configure:16811: checking that generated files are newer than configure
configure:16817: result: done
configure:16848: creating ./config.status

## ---------------------- ##
## Running config.status. ##
## ---------------------- ##

This file was extended by libnmea config.status 0.5.31, which was
generated by GNU Autoconf 2.69.  Invocation command line was

  CONFIG_FILES    = 
  CONFIG_HEADERS  = 
  CONFIG_LINKS    = 
  CONFIG_COMMANDS = 
  $ ./config.status 

on nexteer

config.status:1170: creating Makefile
config.status:1170: creating src/Makefile
config.status:1170: creating samples/Makefile
config.status:1170: creating samples/generate/Makefile
config.status:1170: creating samples/generator/Makefile
config.status:1170: creating samples/math/Makefile
config.status:1170: creating samples/parse/Makefile
config.status:1170: creating samples/parse_file/Makefile
config.status:1170: creating config.h
config.status:1399: executing depfiles commands
config.status:1399: executing libtool commands

## ---------------- ##
## Cache variables. ##
## ---------------- ##

ac_cv_build=x86_64-unknown-linux-gnu
ac_cv_c_compiler_gnu=yes
ac_cv_cxx_compiler_gnu=yes
ac_cv_env_CCC_set=
ac_cv_env_CCC_value=
ac_cv_env_CC_set=
ac_cv_env_CC_value=
ac_cv_env_CFLAGS_set=
ac_cv_env_CFLAGS_value=
ac_cv_env_CPPFLAGS_set=
ac_cv_env_CPPFLAGS_value=
ac_cv_env_CPP_set=
ac_cv_env_CPP_value=
ac_cv_env_CXXCPP_set=
ac_cv_env_CXXCPP_value=
ac_cv_env_CXXFLAGS_set=
ac_cv_env_CXXFLAGS_value=
ac_cv_env_CXX_set=
ac_cv_env_CXX_value=
ac_cv_env_LDFLAGS_set=
ac_cv_env_LDFLAGS_value=
ac_cv_env_LIBS_set=
ac_cv_env_LIBS_value=
ac_cv_env_build_alias_set=
ac_cv_env_build_alias_value=
ac_cv_env_host_alias_set=
ac_cv_env_host_alias_value=
ac_cv_env_target_alias_set=
ac_cv_env_target_alias_value=
ac_cv_func_alarm=yes
ac_cv_func_malloc_0_nonnull=yes
ac_cv_func_memchr=yes
ac_cv_func_memset=yes
ac_cv_func_modf=yes
ac_cv_func_strtod=yes
ac_cv_func_strtol=yes
ac_cv_func_working_mktime=yes
ac_cv_header_dlfcn_h=yes
ac_cv_header_float_h=yes
ac_cv_header_inttypes_h=yes
ac_cv_header_limits_h=yes
ac_cv_header_memory_h=yes
ac_cv_header_stdc=yes
ac_cv_header_stdint_h=yes
ac_cv_header_stdlib_h=yes
ac_cv_header_string_h=yes
ac_cv_header_strings_h=yes
ac_cv_header_sys_stat_h=yes
ac_cv_header_sys_time_h=yes
ac_cv_header_sys_types_h=yes
ac_cv_header_time=yes
ac_cv_header_unistd_h=yes
ac_cv_host=x86_64-unknown-linux-gnu
ac_cv_lib_error_at_line=yes
ac_cv_lib_m_cos=yes
ac_cv_lib_m_pow=yes
ac_cv_lib_m_sqrt=yes
ac_cv_objext=o
ac_cv_path_EGREP='/bin/grep -E'
ac_cv_path_FGREP='/bin/grep -F'
ac_cv_path_GREP=/bin/grep
ac_cv_path_SED=/bin/sed
ac_cv_path_install='/usr/bin/install -c'
ac_cv_path_mkdir=/bin/mkdir
ac_cv_prog_AWK=gawk
ac_cv_prog_CPP='gcc -E'
ac_cv_prog_CXXCPP='g++ -E'
ac_cv_prog_ac_ct_AR=ar
ac_cv_prog_ac_ct_CC=gcc
ac_cv_prog_ac_ct_CXX=g++
ac_cv_prog_ac_ct_MANIFEST_TOOL=mt
ac_cv_prog_ac_ct_OBJDUMP=objdump
ac_cv_prog_ac_ct_RANLIB=ranlib
ac_cv_prog_ac_ct_STRIP=strip
ac_cv_prog_cc_c89=
ac_cv_prog_cc_g=yes
ac_cv_prog_cxx_g=yes
ac_cv_prog_make_make_set=yes
am_cv_CC_dependencies_compiler_type=gcc3
am_cv_CXX_dependencies_compiler_type=gcc3
am_cv_make_support_nested_variables=yes
am_cv_prog_cc_c_o=yes
lt_cv_ar_at_file=@
lt_cv_archive_cmds_need_lc=no
lt_cv_deplibs_check_method=pass_all
lt_cv_file_magic_cmd='$MAGIC_CMD'
lt_cv_file_magic_test_file=
lt_cv_ld_reload_flag=-r
lt_cv_nm_interface='BSD nm'
lt_cv_objdir=.libs
lt_cv_path_LD=/usr/bin/ld
lt_cv_path_LDCXX='/usr/bin/ld -m elf_x86_64'
lt_cv_path_NM='/usr/bin/nm -B'
lt_cv_path_mainfest_tool=no
lt_cv_prog_compiler_c_o=yes
lt_cv_prog_compiler_c_o_CXX=yes
lt_cv_prog_compiler_pic='-fPIC -DPIC'
lt_cv_prog_compiler_pic_CXX='-fPIC -DPIC'
lt_cv_prog_compiler_pic_works=yes
lt_cv_prog_compiler_pic_works_CXX=yes
lt_cv_prog_compiler_rtti_exceptions=no
lt_cv_prog_compiler_static_works=yes
lt_cv_prog_compiler_static_works_CXX=yes
lt_cv_prog_gnu_ld=yes
lt_cv_prog_gnu_ldcxx=yes
lt_cv_sharedlib_from_linklib_cmd='printf %s\n'
lt_cv_shlibpath_overrides_runpath=no
lt_cv_sys_global_symbol_pipe='sed -n -e '\''s/^.*[	 ]\([ABCDGIRSTW][ABCDGIRSTW]*\)[	 ][	 ]*\([_A-Za-z][_A-Za-z0-9]*\)$/\1 \2 \2/p'\'' | sed '\''/ __gnu_lto/d'\'''
lt_cv_sys_global_symbol_to_c_name_address='sed -n -e '\''s/^: \([^ ]*\)[ ]*$/  {\"\1\", (void *) 0},/p'\'' -e '\''s/^[ABCDGIRSTW]* \([^ ]*\) \([^ ]*\)$/  {"\2", (void *) \&\2},/p'\'''
lt_cv_sys_global_symbol_to_c_name_address_lib_prefix='sed -n -e '\''s/^: \([^ ]*\)[ ]*$/  {\"\1\", (void *) 0},/p'\'' -e '\''s/^[ABCDGIRSTW]* \([^ ]*\) \(lib[^ ]*\)$/  {"\2", (void *) \&\2},/p'\'' -e '\''s/^[ABCDGIRSTW]* \([^ ]*\) \([^ ]*\)$/  {"lib\2", (void *) \&\2},/p'\'''
lt_cv_sys_global_symbol_to_cdecl='sed -n -e '\''s/^T .* \(.*\)$/extern int \1();/p'\'' -e '\''s/^[ABCDGIRSTW]* .* \(.*\)$/extern char \1;/p'\'''
lt_cv_sys_max_cmd_len=1572864
lt_cv_to_host_file_cmd=func_convert_file_noop
lt_cv_to_tool_file_cmd=func_convert_file_noop

## ----------------- ##
## Output variables. ##
## ----------------- ##

ACLOCAL='${SHELL} /home/nexteer/Documents/libnmea-code/missing aclocal-1.14'
AMDEPBACKSLASH='\'
AMDEP_FALSE='#'
AMDEP_TRUE=''
AMTAR='$${TAR-tar}'
AM_BACKSLASH='\'
AM_DEFAULT_V='$(AM_DEFAULT_VERBOSITY)'
AM_DEFAULT_VERBOSITY='1'
AM_V='$(V)'
AR='ar'
AUTOCONF='${SHELL} /home/nexteer/Documents/libnmea-code/missing autoconf'
AUTOHEADER='${SHELL} /home/nexteer/Documents/libnmea-code/missing autoheader'
AUTOMAKE='${SHELL} /home/nexteer/Documents/libnmea-code/missing automake-1.14'
AWK='gawk'
CC='gcc'
CCDEPMODE='depmode=gcc3'
CFLAGS='-g -O2'
CPP='gcc -E'
CPPFLAGS=''
CXX='g++'
CXXCPP='g++ -E'
CXXDEPMODE='depmode=gcc3'
CXXFLAGS='-g -O2'
CYGPATH_W='echo'
DEFS='-DHAVE_CONFIG_H'
DEPDIR='.deps'
DLLTOOL='false'
DSYMUTIL=''
DUMPBIN=''
ECHO_C=''
ECHO_N='-n'
ECHO_T=''
EGREP='/bin/grep -E'
EXEEXT=''
FGREP='/bin/grep -F'
GREP='/bin/grep'
INSTALL_DATA='${INSTALL} -m 644'
INSTALL_PROGRAM='${INSTALL}'
INSTALL_SCRIPT='${INSTALL}'
INSTALL_STRIP_PROGRAM='$(install_sh) -c -s'
LD='/usr/bin/ld -m elf_x86_64'
LDFLAGS=''
LIBOBJS=''
LIBS='-lm -lm -lm '
LIBTOOL='$(SHELL) $(top_builddir)/libtool'
LIPO=''
LN_S='ln -s'
LTLIBOBJS=''
MAKEINFO='${SHELL} /home/nexteer/Documents/libnmea-code/missing makeinfo'
MANIFEST_TOOL=':'
MKDIR_P='/bin/mkdir -p'
NM='/usr/bin/nm -B'
NMEDIT=''
OBJDUMP='objdump'
OBJEXT='o'
OTOOL64=''
OTOOL=''
PACKAGE='libnmea'
PACKAGE_BUGREPORT='BUG-REPORT-ADDRESS'
PACKAGE_NAME='libnmea'
PACKAGE_STRING='libnmea 0.5.31'
PACKAGE_TARNAME='libnmea'
PACKAGE_URL=''
PACKAGE_VERSION='0.5.31'
PATH_SEPARATOR=':'
POW_LIB=''
RANLIB='ranlib'
SED='/bin/sed'
SET_MAKE=''
SHELL='/bin/sh'
STRIP='strip'
VERSION='0.5.31'
ac_ct_AR='ar'
ac_ct_CC='gcc'
ac_ct_CXX='g++'
ac_ct_DUMPBIN=''
am__EXEEXT_FALSE=''
am__EXEEXT_TRUE='#'
am__fastdepCC_FALSE='#'
am__fastdepCC_TRUE=''
am__fastdepCXX_FALSE='#'
am__fastdepCXX_TRUE=''
am__include='include'
am__isrc=''
am__leading_dot='.'
am__nodep='_no'
am__quote=''
am__tar='$${TAR-tar} chof - "$$tardir"'
am__untar='$${TAR-tar} xf -'
bindir='${exec_prefix}/bin'
build='x86_64-unknown-linux-gnu'
build_alias=''
build_cpu='x86_64'
build_os='linux-gnu'
build_vendor='unknown'
datadir='${datarootdir}'
datarootdir='${prefix}/share'
docdir='${datarootdir}/doc/${PACKAGE_TARNAME}'
dvidir='${docdir}'
exec_prefix='${prefix}'
host='x86_64-unknown-linux-gnu'
host_alias=''
host_cpu='x86_64'
host_os='linux-gnu'
host_vendor='unknown'
htmldir='${docdir}'
includedir='${prefix}/include'
infodir='${datarootdir}/info'
install_sh='${SHELL} /home/nexteer/Documents/libnmea-code/install-sh'
libdir='${exec_prefix}/lib'
libexecdir='${exec_prefix}/libexec'
localedir='${datarootdir}/locale'
localstatedir='${prefix}/var'
mandir='${datarootdir}/man'
mkdir_p='$(MKDIR_P)'
oldincludedir='/usr/include'
pdfdir='${docdir}'
prefix='/usr/local'
program_transform_name='s,x,x,'
psdir='${docdir}'
runstatedir='${localstatedir}/run'
sbindir='${exec_prefix}/sbin'
sharedstatedir='${prefix}/com'
sysconfdir='${prefix}/etc'
target_alias=''

## ----------- ##
## confdefs.h. ##
## ----------- ##

/* confdefs.h */
#define PACKAGE_NAME "libnmea"
#define PACKAGE_TARNAME "libnmea"
#define PACKAGE_VERSION "0.5.31"
#define PACKAGE_STRING "libnmea 0.5.31"
#define PACKAGE_BUGREPORT "BUG-REPORT-ADDRESS"
#define PACKAGE_URL ""
#define PACKAGE "libnmea"
#define VERSION "0.5.31"
#define STDC_HEADERS 1
#define HAVE_SYS_TYPES_H 1
#define HAVE_SYS_STAT_H 1
#define HAVE_STDLIB_H 1
#define HAVE_STRING_H 1
#define HAVE_MEMORY_H 1
#define HAVE_STRINGS_H 1
#define HAVE_INTTYPES_H 1
#define HAVE_STDINT_H 1
#define HAVE_UNISTD_H 1
#define HAVE_DLFCN_H 1
#define LT_OBJDIR ".libs/"
#define HAVE_FLOAT_H 1
#define HAVE_LIMITS_H 1
#define HAVE_STDLIB_H 1
#define HAVE_STRING_H 1
#define HAVE_UNISTD_H 1
#define HAVE_STDLIB_H 1
#define HAVE_MALLOC 1
#define TIME_WITH_SYS_TIME 1
#define HAVE_SYS_TIME_H 1
#define HAVE_UNISTD_H 1
#define HAVE_ALARM 1
#define HAVE_MEMCHR 1
#define HAVE_MEMSET 1
#define HAVE_MODF 1
#define HAVE_STRTOL 1
#define HAVE_LIBM 1
#define HAVE_LIBM 1
#define HAVE_LIBM 1

configure: exit 0
